INFO [2018-07-15 19:33:49] PID 15 Process started
INFO [2018-07-15 19:34:09] PID 15 Process finished
INFO [2018-07-15 19:55:42] PID 15 Process started
INFO [2018-07-15 19:56:02] PID 15 Process finished
INFO [2018-07-15 20:16:13] PID 15 on Node cf0ebc4624ef: Process started
INFO [2018-07-15 20:16:22] PID 15 on Node 2a21508b5949: Process started
INFO [2018-07-15 20:58:53] PID 15 on Node 405a5bd02c34: Process started
INFO [2018-07-15 20:58:56] PID 15 on Node 45c0f52e09e7: Process started
INFO [2018-07-15 20:59:13] PID 15 on Node 405a5bd02c34: Process finished
INFO [2018-07-15 20:59:16] PID 15 on Node 45c0f52e09e7: Process finished
INFO [2018-07-15 21:10:57] PID 17 on Node 45c0f52e09e7: Process started
INFO [2018-07-15 21:10:59] PID 15 on Node 405a5bd02c34: Process started
INFO [2018-07-15 21:11:17] PID 17 on Node 45c0f52e09e7: Process finished
INFO [2018-07-15 21:11:20] PID 15 on Node 405a5bd02c34: Process finished
INFO [2018-07-15 21:22:42] PID 15 on Node 1aa8fb8db6c3: Process started
INFO [2018-07-15 21:22:44] PID 15 on Node a752e1d55dbe: Process started
INFO [2018-07-15 21:23:02] PID 15 on Node 1aa8fb8db6c3: Process finished
INFO [2018-07-15 21:23:04] PID 15 on Node a752e1d55dbe: Process finished
INFO [2018-07-16 10:55:02] PID 15 on Node 1aa8fb8db6c3: Process started
INFO [2018-07-16 10:55:04] PID 15 on Node a752e1d55dbe: Process started
INFO [2018-07-16 10:55:22] PID 15 on Node 1aa8fb8db6c3: Process finished
INFO [2018-07-16 10:55:24] PID 15 on Node a752e1d55dbe: Process finished
INFO [2018-07-16 12:10:00] PID 15 on Node db3b69892cf5: Process started
INFO [2018-07-16 12:10:20] PID 15 on Node db3b69892cf5: Process finished
INFO [2018-07-16 12:36:03] PID 15 on Node d193fb09ddbf: Process started
INFO [2018-07-16 12:36:23] PID 15 on Node d193fb09ddbf: Process finished
INFO [2018-07-16 12:57:51] PID 15 on Node db3b69892cf5: Process started
INFO [2018-07-16 12:58:11] PID 15 on Node db3b69892cf5: Process finished
INFO [2018-07-16 13:06:47] PID 15 on Node db3b69892cf5: Process started
INFO [2018-07-16 13:06:49] PID 15 on Node d193fb09ddbf: Process started
INFO [2018-07-16 13:07:07] PID 15 on Node db3b69892cf5: Process finished
INFO [2018-07-16 13:07:09] PID 15 on Node d193fb09ddbf: Process finished
INFO [2018-07-16 13:21:33] PID 15 on Node db3b69892cf5: Process started
INFO [2018-07-16 13:21:36] PID 15 on Node d193fb09ddbf: Process started
INFO [2018-07-16 13:21:54] PID 15 on Node db3b69892cf5: Process finished
INFO [2018-07-16 13:21:56] PID 15 on Node d193fb09ddbf: Process finished
INFO [2018-07-16 13:37:57] PID 15 on Node db3b69892cf5: Process started
INFO [2018-07-16 13:38:14] PID 15 on Node d193fb09ddbf: Process started
INFO [2018-07-16 13:38:17] PID 15 on Node db3b69892cf5: Process finished
INFO [2018-07-16 13:38:34] PID 15 on Node d193fb09ddbf: Process finished
INFO [2018-07-16 13:59:58] PID 15 on Node db3b69892cf5: Process started
INFO [2018-07-16 14:00:01] PID 15 on Node d193fb09ddbf: Process started
INFO [2018-07-16 14:00:18] PID 15 on Node db3b69892cf5: Process finished
INFO [2018-07-16 14:00:21] PID 15 on Node d193fb09ddbf: Process finished
INFO [2018-07-16 14:29:05] PID 15 on Node d193fb09ddbf: Process started
INFO [2018-07-16 14:29:10] PID 16 on Node db3b69892cf5: Process started
INFO [2018-07-16 14:29:25] PID 15 on Node d193fb09ddbf: Process finished
INFO [2018-07-16 14:29:30] PID 16 on Node db3b69892cf5: Process finished
INFO [2018-07-16 14:43:55] PID 15 on Node db3b69892cf5: Process started
INFO [2018-07-16 14:43:56] PID 15 on Node d193fb09ddbf: Process started
INFO [2018-07-16 14:44:15] PID 15 on Node db3b69892cf5: Process finished
INFO [2018-07-16 14:44:16] PID 15 on Node d193fb09ddbf: Process finished
INFO [2018-07-16 14:56:43] PID 15 on Node db3b69892cf5: Process started
INFO [2018-07-16 14:57:03] PID 15 on Node db3b69892cf5: Process finished
INFO [2018-07-16 15:17:05] PID 15 on Node ab811477ed4c: Process started
INFO [2018-07-16 15:17:07] PID 15 on Node 852b6f17280b: Process started
INFO [2018-07-16 15:17:25] PID 15 on Node ab811477ed4c: Process finished
INFO [2018-07-16 15:17:27] PID 15 on Node 852b6f17280b: Process finished
INFO [2018-07-16 15:45:22] PID 15 on Node 9d8dd076ad9b: Process started
INFO [2018-07-16 15:45:23] PID 15 on Node 8cdf4eef131b: Process started
INFO [2018-07-16 15:45:42] PID 15 on Node 9d8dd076ad9b: Process finished
INFO [2018-07-16 15:45:43] PID 15 on Node 8cdf4eef131b: Process finished
INFO [2018-07-16 20:08:23] PID 15 on Node 9d8dd076ad9b: Process started
INFO [2018-07-16 20:08:25] PID 15 on Node 8cdf4eef131b: Process started
INFO [2018-07-16 20:08:43] PID 15 on Node 9d8dd076ad9b: Process finished
INFO [2018-07-16 20:08:45] PID 15 on Node 8cdf4eef131b: Process finished
INFO [2018-07-16 20:32:48] PID 15 on Node b9925b83c8a4: Batch process started
INFO [2018-07-16 20:32:57] PID 17 on Node 4400c9b737e1: Batch process started
INFO [2018-07-16 20:33:08] PID 15 on Node b9925b83c8a4: Batch process finished
INFO [2018-07-16 20:33:17] PID 17 on Node 4400c9b737e1: Batch process finished
INFO [2018-07-16 21:10:28] PID 1 on Node b9925b83c8a4: Thread Process started
INFO [2018-07-16 21:10:29] PID 1 on Node b9925b83c8a4: Thread Process finished
INFO [2018-07-16 21:10:29] PID 1 on Node b9925b83c8a4: Thread Process started
INFO [2018-07-16 21:10:30] PID 1 on Node b9925b83c8a4: Thread Process finished
INFO [2018-07-16 21:10:30] PID 1 on Node b9925b83c8a4: Thread Process started
INFO [2018-07-16 21:10:31] PID 1 on Node b9925b83c8a4: Thread Process finished
INFO [2018-07-16 21:10:31] PID 1 on Node b9925b83c8a4: Thread Process started
INFO [2018-07-16 21:10:32] PID 1 on Node b9925b83c8a4: Thread Process finished
INFO [2018-07-16 21:10:32] PID 1 on Node b9925b83c8a4: Thread Process started
INFO [2018-07-16 21:10:33] PID 1 on Node b9925b83c8a4: Thread Process finished
INFO [2018-07-16 21:10:33] PID 1 on Node b9925b83c8a4: Thread Process started
INFO [2018-07-16 21:10:34] PID 1 on Node b9925b83c8a4: Thread Process finished
INFO [2018-07-16 21:10:36] PID 1 on Node b9925b83c8a4: Thread Process started
INFO [2018-07-16 21:10:37] PID 1 on Node b9925b83c8a4: Thread Process finished
INFO [2018-07-16 21:10:43] PID 1 on Node b9925b83c8a4: Thread Process started
INFO [2018-07-16 21:10:44] PID 1 on Node b9925b83c8a4: Thread Process finished
INFO [2018-07-16 21:11:28] PID 1 on Node b9925b83c8a4: Thread Process started
INFO [2018-07-16 21:11:29] PID 1 on Node b9925b83c8a4: Thread Process finished
INFO [2018-07-16 21:11:30] PID 1 on Node b9925b83c8a4: Thread Process started
INFO [2018-07-16 21:11:31] PID 1 on Node b9925b83c8a4: Thread Process finished
INFO [2018-07-16 21:11:31] PID 1 on Node b9925b83c8a4: Thread Process started
INFO [2018-07-16 21:11:32] PID 1 on Node b9925b83c8a4: Thread Process finished
INFO [2018-07-17 20:19:07] PID 15 on Node 720ad4ff0c5c: Batch process started
INFO [2018-07-17 20:19:08] PID 15 on Node 03cbf7b3a468: Batch process started
INFO [2018-07-17 20:19:27] PID 15 on Node 720ad4ff0c5c: Batch process finished
INFO [2018-07-17 20:19:28] PID 15 on Node 03cbf7b3a468: Batch process finished
INFO [2018-07-17 20:24:44] PID 1 on Node 03cbf7b3a468: Thread Process started
INFO [2018-07-17 20:24:45] PID 1 on Node 03cbf7b3a468: Thread Process finished
INFO [2018-07-17 20:24:50] PID 1 on Node 720ad4ff0c5c: Thread Process started
INFO [2018-07-17 20:24:51] PID 1 on Node 720ad4ff0c5c: Thread Process finished
INFO [2018-07-17 20:24:51] PID 1 on Node 720ad4ff0c5c: Thread Process started
INFO [2018-07-17 20:24:52] PID 1 on Node 720ad4ff0c5c: Thread Process finished
INFO [2018-07-17 20:24:52] PID 1 on Node 720ad4ff0c5c: Thread Process started
INFO [2018-07-17 20:24:53] PID 1 on Node 720ad4ff0c5c: Thread Process finished
INFO [2018-07-17 20:24:53] PID 1 on Node 720ad4ff0c5c: Thread Process started
INFO [2018-07-17 20:24:54] PID 1 on Node 720ad4ff0c5c: Thread Process finished
INFO [2018-07-17 20:29:39] PID 1 on Node 720ad4ff0c5c: Thread Process started
INFO [2018-07-17 20:29:40] PID 1 on Node 720ad4ff0c5c: Thread Process finished
INFO [2018-07-17 20:29:45] PID 1 on Node 03cbf7b3a468: Thread Process started
INFO [2018-07-17 20:29:46] PID 1 on Node 03cbf7b3a468: Thread Process finished
INFO [2018-07-17 20:38:02] PID 1 on Node 720ad4ff0c5c: Thread Process started
INFO [2018-07-17 20:38:03] PID 1 on Node 720ad4ff0c5c: Thread Process finished
INFO [2018-07-17 20:40:47] PID 1 on Node 720ad4ff0c5c: Thread Process started
INFO [2018-07-17 20:40:48] PID 1 on Node 720ad4ff0c5c: Thread Process finished
INFO [2018-07-17 20:40:50] PID 1 on Node 03cbf7b3a468: Thread Process started
INFO [2018-07-17 20:40:51] PID 1 on Node 03cbf7b3a468: Thread Process finished
INFO [2018-07-17 20:42:18] PID 1 on Node 03cbf7b3a468: Thread Process started
INFO [2018-07-17 20:42:19] PID 1 on Node 03cbf7b3a468: Thread Process finished
INFO [2018-07-23 14:47:54] PID 1 on Node 29e3a228ff84: Thread Process started
INFO [2018-07-23 14:47:56] PID 1 on Node 29e3a228ff84: Thread Process finished
INFO [2018-07-23 14:59:37] PID 1 on Node 29e3a228ff84: Thread Process started
INFO [2018-07-23 14:59:39] PID 1 on Node 29e3a228ff84: Thread Process finished
INFO [2018-07-23 15:14:43] PID 1 on Node 29e3a228ff84: Thread Process started
INFO [2018-07-23 15:14:45] PID 1 on Node 29e3a228ff84: Thread Process finished
INFO [2018-07-23 15:28:17] PID 1 on Node 29e3a228ff84: Thread Process started
INFO [2018-07-23 15:28:19] PID 1 on Node 29e3a228ff84: Thread Process finished
INFO [2018-07-23 15:30:08] PID 1 on Node 29e3a228ff84: Thread Process started
INFO [2018-07-23 15:30:10] PID 1 on Node 29e3a228ff84: Thread Process finished
INFO [2018-07-23 15:30:11] PID 23 on Node 29e3a228ff84: Batch process started
INFO [2018-07-23 15:30:31] PID 23 on Node 29e3a228ff84: Batch process finished
INFO [2018-07-23 19:57:17] PID 1 on Node 29e3a228ff84: Thread Process started
INFO [2018-07-23 19:57:19] PID 1 on Node 29e3a228ff84: Thread Process finished
INFO [2018-07-23 19:57:21] PID 23 on Node 45984612ac06: Batch process started
INFO [2018-07-23 19:57:41] PID 23 on Node 45984612ac06: Batch process finished
INFO [2018-07-23 20:25:15] PID 1 on Node 29e3a228ff84: Thread Process started
INFO [2018-07-23 20:25:17] PID 1 on Node 29e3a228ff84: Thread Process finished
INFO [2018-07-23 20:26:30] PID 1 on Node 29e3a228ff84: Thread Process started
INFO [2018-07-23 20:26:32] PID 1 on Node 29e3a228ff84: Thread Process finished
INFO [2018-07-23 20:49:29] PID 1 on Node 381b8019c45c: Thread Process started
INFO [2018-07-23 20:49:31] PID 1 on Node 381b8019c45c: Thread Process finished
INFO [2018-07-23 20:49:33] PID 23 on Node 381b8019c45c: Batch process started
INFO [2018-07-23 20:49:37] PID 1 on Node 381b8019c45c: Thread Process started
INFO [2018-07-23 20:49:39] PID 1 on Node 381b8019c45c: Thread Process finished
INFO [2018-07-23 20:49:53] PID 23 on Node 381b8019c45c: Batch process finished
